[debug] [2020-11-12T06:54:41.725Z] ----------------------------------------------------------------------
[debug] [2020-11-12T06:54:41.731Z] Command:       C:\Program Files\nodejs\node.exe C:\Users\justi\AppData\Roaming\npm\node_modules\firebase-tools\lib\bin\firebase.js --debug deploy --only functions
[debug] [2020-11-12T06:54:41.732Z] CLI Version:   8.16.0
[debug] [2020-11-12T06:54:41.732Z] Platform:      win32
[debug] [2020-11-12T06:54:41.733Z] Node Version:  v12.18.0
[debug] [2020-11-12T06:54:41.734Z] Time:          Thu Nov 12 2020 07:54:41 GMT+0100 (Central European Standard Time)
[debug] [2020-11-12T06:54:41.735Z] ----------------------------------------------------------------------
[debug] [2020-11-12T06:54:41.735Z] 
[debug] [2020-11-12T06:54:41.756Z] > command requires scopes: ["email","openid","https://www.googleapis.com/auth/cloudplatformprojects.readonly","https://www.googleapis.com/auth/firebase","https://www.googleapis.com/auth/cloud-platform"]
[debug] [2020-11-12T06:54:41.761Z] > authorizing via signed-in user
[debug] [2020-11-12T06:54:41.763Z] [iam] checking project diving-app-eaabe for permissions ["cloudfunctions.functions.create","cloudfunctions.functions.delete","cloudfunctions.functions.get","cloudfunctions.functions.list","cloudfunctions.functions.update","cloudfunctions.operations.get","firebase.projects.get"]
[debug] [2020-11-12T06:54:41.775Z] >>> HTTP REQUEST POST https://cloudresourcemanager.googleapis.com/v1/projects/diving-app-eaabe:testIamPermissions  
 {"permissions":["cloudfunctions.functions.create","cloudfunctions.functions.delete","cloudfunctions.functions.get","cloudfunctions.functions.list","cloudfunctions.functions.update","cloudfunctions.operations.get","firebase.projects.get"]}
[debug] [2020-11-12T06:54:42.665Z] <<< HTTP RESPONSE 200 {"content-type":"application/json; charset=UTF-8","vary":"X-Origin, Referer, Origin,Accept-Encoding","date":"Thu, 12 Nov 2020 06:54:40 GMT","server":"ESF","cache-control":"private","x-xss-protection":"0","x-frame-options":"SAMEORIGIN","x-content-type-options":"nosniff","server-timing":"gfet4t7; dur=620","alt-svc":"h3-Q050=\":443\"; ma=2592000,h3-29=\":443\"; ma=2592000,h3-T051=\":443\"; ma=2592000,h3-Q046=\":443\"; ma=2592000,h3-Q043=\":443\"; ma=2592000,quic=\":443\"; ma=2592000; v=\"46,43\"","accept-ranges":"none","transfer-encoding":"chunked"}
[debug] [2020-11-12T06:54:42.671Z] >>> HTTP REQUEST POST https://iam.googleapis.com/v1/projects/diving-app-eaabe/serviceAccounts/diving-app-eaabe@appspot.gserviceaccount.com:testIamPermissions  
 {"permissions":["iam.serviceAccounts.actAs"]}
[debug] [2020-11-12T06:54:43.392Z] <<< HTTP RESPONSE 200 {"content-type":"application/json; charset=UTF-8","vary":"X-Origin, Referer, Origin,Accept-Encoding","date":"Thu, 12 Nov 2020 06:54:41 GMT","server":"ESF","cache-control":"private","x-xss-protection":"0","x-frame-options":"SAMEORIGIN","x-content-type-options":"nosniff","alt-svc":"h3-Q050=\":443\"; ma=2592000,h3-29=\":443\"; ma=2592000,h3-T051=\":443\"; ma=2592000,h3-T050=\":443\"; ma=2592000,h3-Q046=\":443\"; ma=2592000,h3-Q043=\":443\"; ma=2592000,quic=\":443\"; ma=2592000; v=\"46,43\"","accept-ranges":"none","transfer-encoding":"chunked"}
[info] 
[info] === Deploying to 'diving-app-eaabe'...
[info] 
[info] i  deploying functions 
[info] Running command: npm --prefix "$RESOURCE_DIR" run lint
[info] +  functions: Finished running predeploy script. 
[debug] [2020-11-12T06:54:59.748Z] > [functions] package.json contents: {
  "name": "functions",
  "description": "Cloud Functions for Firebase",
  "scripts": {
    "lint": "eslint .",
    "serve": "firebase emulators:start --only functions",
    "shell": "firebase functions:shell",
    "start": "npm run shell",
    "deploy": "firebase deploy --only functions",
    "logs": "firebase functions:log"
  },
  "engines": {
    "node": "12"
  },
  "main": "index.js",
  "dependencies": {
    "firebase-admin": "^9.2.0",
    "firebase-functions": "^3.11.0"
  },
  "devDependencies": {
    "eslint": "^5.12.0",
    "eslint-plugin-promise": "^4.0.1",
    "firebase-functions-test": "^0.2.0"
  },
  "private": true
}
[info] i  functions: ensuring required API cloudfunctions.googleapis.com is enabled... 
[info] i  functions: ensuring required API cloudbuild.googleapis.com is enabled... 
[debug] [2020-11-12T06:55:08.141Z] >>> HTTP REQUEST GET https://serviceusage.googleapis.com/v1/projects/diving-app-eaabe/services/cloudfunctions.googleapis.com  
 
[debug] [2020-11-12T06:55:08.146Z] >>> HTTP REQUEST GET https://serviceusage.googleapis.com/v1/projects/diving-app-eaabe/services/runtimeconfig.googleapis.com  
 
[debug] [2020-11-12T06:55:08.151Z] >>> HTTP REQUEST GET https://serviceusage.googleapis.com/v1/projects/diving-app-eaabe/services/cloudbuild.googleapis.com  
 
[debug] [2020-11-12T06:55:09.067Z] <<< HTTP RESPONSE 200 {"content-type":"application/json; charset=UTF-8","vary":"X-Origin, Referer, Origin,Accept-Encoding","date":"Thu, 12 Nov 2020 06:55:07 GMT","server":"ESF","cache-control":"private","x-xss-protection":"0","x-frame-options":"SAMEORIGIN","x-content-type-options":"nosniff","alt-svc":"h3-Q050=\":443\"; ma=2592000,h3-29=\":443\"; ma=2592000,h3-T051=\":443\"; ma=2592000,h3-T050=\":443\"; ma=2592000,h3-Q046=\":443\"; ma=2592000,h3-Q043=\":443\"; ma=2592000,quic=\":443\"; ma=2592000; v=\"46,43\"","accept-ranges":"none","transfer-encoding":"chunked"}
[debug] [2020-11-12T06:55:09.091Z] <<< HTTP RESPONSE 200 {"content-type":"application/json; charset=UTF-8","vary":"X-Origin, Referer, Origin,Accept-Encoding","date":"Thu, 12 Nov 2020 06:55:07 GMT","server":"ESF","cache-control":"private","x-xss-protection":"0","x-frame-options":"SAMEORIGIN","x-content-type-options":"nosniff","alt-svc":"h3-Q050=\":443\"; ma=2592000,h3-29=\":443\"; ma=2592000,h3-T051=\":443\"; ma=2592000,h3-T050=\":443\"; ma=2592000,h3-Q046=\":443\"; ma=2592000,h3-Q043=\":443\"; ma=2592000,quic=\":443\"; ma=2592000; v=\"46,43\"","accept-ranges":"none","transfer-encoding":"chunked"}
[info] +  functions: required API cloudbuild.googleapis.com is enabled 
[debug] [2020-11-12T06:55:09.103Z] <<< HTTP RESPONSE 200 {"content-type":"application/json; charset=UTF-8","vary":"X-Origin, Referer, Origin,Accept-Encoding","date":"Thu, 12 Nov 2020 06:55:07 GMT","server":"ESF","cache-control":"private","x-xss-protection":"0","x-frame-options":"SAMEORIGIN","x-content-type-options":"nosniff","alt-svc":"h3-Q050=\":443\"; ma=2592000,h3-29=\":443\"; ma=2592000,h3-T051=\":443\"; ma=2592000,h3-T050=\":443\"; ma=2592000,h3-Q046=\":443\"; ma=2592000,h3-Q043=\":443\"; ma=2592000,quic=\":443\"; ma=2592000; v=\"46,43\"","accept-ranges":"none","transfer-encoding":"chunked"}
[info] +  functions: required API cloudfunctions.googleapis.com is enabled 
[debug] [2020-11-12T06:55:09.117Z] >>> HTTP REQUEST GET https://firebase.googleapis.com/v1beta1/projects/diving-app-eaabe/adminSdkConfig  
 
[debug] [2020-11-12T06:55:09.455Z] <<< HTTP RESPONSE 200 {"content-type":"application/json; charset=UTF-8","vary":"X-Origin, Referer, Origin,Accept-Encoding","date":"Thu, 12 Nov 2020 06:55:07 GMT","server":"ESF","cache-control":"private","x-xss-protection":"0","x-frame-options":"SAMEORIGIN","x-content-type-options":"nosniff","alt-svc":"h3-Q050=\":443\"; ma=2592000,h3-29=\":443\"; ma=2592000,h3-T051=\":443\"; ma=2592000,h3-T050=\":443\"; ma=2592000,h3-Q046=\":443\"; ma=2592000,h3-Q043=\":443\"; ma=2592000,quic=\":443\"; ma=2592000; v=\"46,43\"","accept-ranges":"none","transfer-encoding":"chunked"}
[info] i  functions: preparing functions directory for uploading... 
[debug] [2020-11-12T06:55:09.473Z] >>> HTTP REQUEST GET https://runtimeconfig.googleapis.com/v1beta1/projects/diving-app-eaabe/configs  
 
[debug] [2020-11-12T06:55:09.728Z] <<< HTTP RESPONSE 200 {"content-type":"application/json; charset=UTF-8","vary":"X-Origin, Referer, Origin,Accept-Encoding","date":"Thu, 12 Nov 2020 06:55:07 GMT","server":"ESF","cache-control":"private","x-xss-protection":"0","x-frame-options":"SAMEORIGIN","x-content-type-options":"nosniff","alt-svc":"h3-Q050=\":443\"; ma=2592000,h3-29=\":443\"; ma=2592000,h3-T051=\":443\"; ma=2592000,h3-T050=\":443\"; ma=2592000,h3-Q046=\":443\"; ma=2592000,h3-Q043=\":443\"; ma=2592000,quic=\":443\"; ma=2592000; v=\"46,43\"","accept-ranges":"none","transfer-encoding":"chunked"}
[info] i  functions: packaged functions (36.84 KB) for uploading 
[debug] [2020-11-12T06:55:13.100Z] >>> HTTP REQUEST GET https://cloudfunctions.googleapis.com/v1/projects/diving-app-eaabe/locations/-/functions  
 
[debug] [2020-11-12T06:55:13.602Z] <<< HTTP RESPONSE 200 {"content-type":"application/json; charset=UTF-8","vary":"X-Origin, Referer, Origin,Accept-Encoding","date":"Thu, 12 Nov 2020 06:55:11 GMT","server":"ESF","cache-control":"private","x-xss-protection":"0","x-frame-options":"SAMEORIGIN","x-content-type-options":"nosniff","alt-svc":"h3-Q050=\":443\"; ma=2592000,h3-29=\":443\"; ma=2592000,h3-T051=\":443\"; ma=2592000,h3-T050=\":443\"; ma=2592000,h3-Q046=\":443\"; ma=2592000,h3-Q043=\":443\"; ma=2592000,quic=\":443\"; ma=2592000; v=\"46,43\"","accept-ranges":"none","transfer-encoding":"chunked"}
[debug] [2020-11-12T06:55:13.617Z] >>> HTTP REQUEST POST https://cloudfunctions.googleapis.com/v1/projects/diving-app-eaabe/locations/us-central1/functions:generateUploadUrl  
 
[debug] [2020-11-12T06:55:14.192Z] <<< HTTP RESPONSE 200 {"content-type":"application/json; charset=UTF-8","vary":"X-Origin, Referer, Origin,Accept-Encoding","date":"Thu, 12 Nov 2020 06:55:12 GMT","server":"ESF","cache-control":"private","x-xss-protection":"0","x-frame-options":"SAMEORIGIN","x-content-type-options":"nosniff","alt-svc":"h3-Q050=\":443\"; ma=2592000,h3-29=\":443\"; ma=2592000,h3-T051=\":443\"; ma=2592000,h3-T050=\":443\"; ma=2592000,h3-Q046=\":443\"; ma=2592000,h3-Q043=\":443\"; ma=2592000,quic=\":443\"; ma=2592000; v=\"46,43\"","accept-ranges":"none","transfer-encoding":"chunked"}
[debug] [2020-11-12T06:55:14.198Z] >>> HTTP REQUEST PUT https://storage.googleapis.com/gcf-upload-us-central1-cd8c1dbf-2e11-4efd-b6f2-2909b4950794/4146fd1d-335c-4903-925c-fda704c41a87.zip?GoogleAccessId=service-718395383991@gcf-admin-robot.iam.gserviceaccount.com&Expires=1605165912&Signature=PfE1xTIfuMEH4lSqS2RhqwPSEkpTjtl41f5nRjqBs5nYkQF%2FZf6Y8gE%2F3BY4k%2Fw4F9gduEWp%2FwsybDBz%2FUoTUOUvLIjZ7KU0cTrbybnvdP5H1axp9Jf9Kmyf0qz8dzEcZ4bbAYcJZn7WfUFN4qFRVp5%2FORneYeKgEQsXsgEte92SWsshjdIE5Cu1WEao5j7UxRuFeYnBnsVnuziKMu53IDU0809q1mxonR%2Bw9WsI1UQZe0zjauyIDL7hy8iNjmKAJbo7kR1pyqQQ5qU%2FY9koFy0ACzsxJ0em59%2BFpfKS768xKV6AcL3bD2JTkqV1YTQdutAF4bmyxh989UUbO30kkw%3D%3D  
 <request body omitted>
[debug] [2020-11-12T06:55:14.543Z] <<< HTTP RESPONSE 200 {"x-guploader-uploadid":"ABg5-Ux6u-juBvcFa0q2fct6rxe5M6hmRqw1MvzsK4ZJroO6LqAhOwO9Hrpw7UOh72vWycOeW7Uy-I71u6OojpU-uUg","etag":"\"6f6ed1b52dc1334ea7143764672240b5\"","x-goog-generation":"1605164112713013","x-goog-metageneration":"1","x-goog-hash":"crc32c=njsa9g==, md5=b27RtS3BM06nFDdkZyJAtQ==","x-goog-stored-content-length":"37727","x-goog-stored-content-encoding":"identity","vary":"Origin","content-length":"0","date":"Thu, 12 Nov 2020 06:55:12 GMT","server":"UploadServer","content-type":"text/html; charset=UTF-8","alt-svc":"h3-Q050=\":443\"; ma=2592000,h3-29=\":443\"; ma=2592000,h3-T051=\":443\"; ma=2592000,h3-Q046=\":443\"; ma=2592000,h3-Q043=\":443\"; ma=2592000,quic=\":443\"; ma=2592000; v=\"46,43\""}
[info] +  functions: functions folder uploaded successfully 
[info] i  functions: updating Node.js 12 function app(us-central1)... 
[debug] [2020-11-12T06:55:14.567Z] Trigger is:  {"httpsTrigger":{}}
[debug] [2020-11-12T06:55:14.579Z] >>> HTTP REQUEST PATCH https://cloudfunctions.googleapis.com/v1/projects/diving-app-eaabe/locations/us-central1/functions/app {"updateMask":"sourceUploadUrl,name,labels,runtime,environmentVariables,httpsTrigger"} 
 {"sourceUploadUrl":"https://storage.googleapis.com/gcf-upload-us-central1-cd8c1dbf-2e11-4efd-b6f2-2909b4950794/4146fd1d-335c-4903-925c-fda704c41a87.zip?GoogleAccessId=service-718395383991@gcf-admin-robot.iam.gserviceaccount.com&Expires=1605165912&Signature=PfE1xTIfuMEH4lSqS2RhqwPSEkpTjtl41f5nRjqBs5nYkQF%2FZf6Y8gE%2F3BY4k%2Fw4F9gduEWp%2FwsybDBz%2FUoTUOUvLIjZ7KU0cTrbybnvdP5H1axp9Jf9Kmyf0qz8dzEcZ4bbAYcJZn7WfUFN4qFRVp5%2FORneYeKgEQsXsgEte92SWsshjdIE5Cu1WEao5j7UxRuFeYnBnsVnuziKMu53IDU0809q1mxonR%2Bw9WsI1UQZe0zjauyIDL7hy8iNjmKAJbo7kR1pyqQQ5qU%2FY9koFy0ACzsxJ0em59%2BFpfKS768xKV6AcL3bD2JTkqV1YTQdutAF4bmyxh989UUbO30kkw%3D%3D","name":"projects/diving-app-eaabe/locations/us-central1/functions/app","labels":{"deployment-tool":"cli-firebase"},"httpsTrigger":{},"runtime":"nodejs12","environmentVariables":{"FIREBASE_CONFIG":"{\"projectId\":\"diving-app-eaabe\",\"databaseURL\":\"https://diving-app-eaabe.firebaseio.com\",\"storageBucket\":\"diving-app-eaabe.appspot.com\",\"locationId\":\"us-central\"}"}}
[debug] [2020-11-12T06:55:14.976Z] <<< HTTP RESPONSE 200 {"content-type":"application/json; charset=UTF-8","vary":"X-Origin, Referer, Origin,Accept-Encoding","date":"Thu, 12 Nov 2020 06:55:13 GMT","server":"ESF","cache-control":"private","x-xss-protection":"0","x-frame-options":"SAMEORIGIN","x-content-type-options":"nosniff","alt-svc":"h3-Q050=\":443\"; ma=2592000,h3-29=\":443\"; ma=2592000,h3-T051=\":443\"; ma=2592000,h3-T050=\":443\"; ma=2592000,h3-Q046=\":443\"; ma=2592000,h3-Q043=\":443\"; ma=2592000,quic=\":443\"; ma=2592000; v=\"46,43\"","accept-ranges":"none","transfer-encoding":"chunked"}
[debug] [2020-11-12T06:55:14.987Z] >>> HTTP REQUEST GET https://cloudfunctions.googleapis.com/v1/projects/diving-app-eaabe/locations/-/functions  
 
[debug] [2020-11-12T06:55:15.483Z] <<< HTTP RESPONSE 200 {"content-type":"application/json; charset=UTF-8","vary":"X-Origin, Referer, Origin,Accept-Encoding","date":"Thu, 12 Nov 2020 06:55:13 GMT","server":"ESF","cache-control":"private","x-xss-protection":"0","x-frame-options":"SAMEORIGIN","x-content-type-options":"nosniff","alt-svc":"h3-Q050=\":443\"; ma=2592000,h3-29=\":443\"; ma=2592000,h3-T051=\":443\"; ma=2592000,h3-T050=\":443\"; ma=2592000,h3-Q046=\":443\"; ma=2592000,h3-Q043=\":443\"; ma=2592000,quic=\":443\"; ma=2592000; v=\"46,43\"","accept-ranges":"none","transfer-encoding":"chunked"}
[debug] [2020-11-12T06:55:15.488Z] >>> HTTP REQUEST GET https://cloudfunctions.googleapis.com/v1/operations/ZGl2aW5nLWFwcC1lYWFiZS91cy1jZW50cmFsMS9hcHAvMW94UFMtVFRxU0U  
 
[debug] [2020-11-12T06:55:15.693Z] <<< HTTP RESPONSE 200 {"content-type":"application/json; charset=UTF-8","vary":"X-Origin, Referer, Origin,Accept-Encoding","date":"Thu, 12 Nov 2020 06:55:13 GMT","server":"ESF","cache-control":"private","x-xss-protection":"0","x-frame-options":"SAMEORIGIN","x-content-type-options":"nosniff","alt-svc":"h3-Q050=\":443\"; ma=2592000,h3-29=\":443\"; ma=2592000,h3-T051=\":443\"; ma=2592000,h3-T050=\":443\"; ma=2592000,h3-Q046=\":443\"; ma=2592000,h3-Q043=\":443\"; ma=2592000,quic=\":443\"; ma=2592000; v=\"46,43\"","accept-ranges":"none","transfer-encoding":"chunked"}
[debug] [2020-11-12T06:55:17.704Z] >>> HTTP REQUEST GET https://cloudfunctions.googleapis.com/v1/operations/ZGl2aW5nLWFwcC1lYWFiZS91cy1jZW50cmFsMS9hcHAvMW94UFMtVFRxU0U  
 
[debug] [2020-11-12T06:55:18.050Z] <<< HTTP RESPONSE 200 {"content-type":"application/json; charset=UTF-8","vary":"X-Origin, Referer, Origin,Accept-Encoding","date":"Thu, 12 Nov 2020 06:55:16 GMT","server":"ESF","cache-control":"private","x-xss-protection":"0","x-frame-options":"SAMEORIGIN","x-content-type-options":"nosniff","alt-svc":"h3-Q050=\":443\"; ma=2592000,h3-29=\":443\"; ma=2592000,h3-T051=\":443\"; ma=2592000,h3-T050=\":443\"; ma=2592000,h3-Q046=\":443\"; ma=2592000,h3-Q043=\":443\"; ma=2592000,quic=\":443\"; ma=2592000; v=\"46,43\"","accept-ranges":"none","transfer-encoding":"chunked"}
[debug] [2020-11-12T06:55:20.068Z] >>> HTTP REQUEST GET https://cloudfunctions.googleapis.com/v1/operations/ZGl2aW5nLWFwcC1lYWFiZS91cy1jZW50cmFsMS9hcHAvMW94UFMtVFRxU0U  
 
[debug] [2020-11-12T06:55:20.336Z] <<< HTTP RESPONSE 200 {"content-type":"application/json; charset=UTF-8","vary":"X-Origin, Referer, Origin,Accept-Encoding","date":"Thu, 12 Nov 2020 06:55:18 GMT","server":"ESF","cache-control":"private","x-xss-protection":"0","x-frame-options":"SAMEORIGIN","x-content-type-options":"nosniff","alt-svc":"h3-Q050=\":443\"; ma=2592000,h3-29=\":443\"; ma=2592000,h3-T051=\":443\"; ma=2592000,h3-T050=\":443\"; ma=2592000,h3-Q046=\":443\"; ma=2592000,h3-Q043=\":443\"; ma=2592000,quic=\":443\"; ma=2592000; v=\"46,43\"","accept-ranges":"none","transfer-encoding":"chunked"}
[debug] [2020-11-12T06:55:22.354Z] >>> HTTP REQUEST GET https://cloudfunctions.googleapis.com/v1/operations/ZGl2aW5nLWFwcC1lYWFiZS91cy1jZW50cmFsMS9hcHAvMW94UFMtVFRxU0U  
 
[debug] [2020-11-12T06:55:22.717Z] <<< HTTP RESPONSE 200 {"content-type":"application/json; charset=UTF-8","vary":"X-Origin, Referer, Origin,Accept-Encoding","date":"Thu, 12 Nov 2020 06:55:20 GMT","server":"ESF","cache-control":"private","x-xss-protection":"0","x-frame-options":"SAMEORIGIN","x-content-type-options":"nosniff","alt-svc":"h3-Q050=\":443\"; ma=2592000,h3-29=\":443\"; ma=2592000,h3-T051=\":443\"; ma=2592000,h3-T050=\":443\"; ma=2592000,h3-Q046=\":443\"; ma=2592000,h3-Q043=\":443\"; ma=2592000,quic=\":443\"; ma=2592000; v=\"46,43\"","accept-ranges":"none","transfer-encoding":"chunked"}
[debug] [2020-11-12T06:55:24.722Z] >>> HTTP REQUEST GET https://cloudfunctions.googleapis.com/v1/operations/ZGl2aW5nLWFwcC1lYWFiZS91cy1jZW50cmFsMS9hcHAvMW94UFMtVFRxU0U  
 
[debug] [2020-11-12T06:55:25.220Z] <<< HTTP RESPONSE 200 {"content-type":"application/json; charset=UTF-8","vary":"X-Origin, Referer, Origin,Accept-Encoding","date":"Thu, 12 Nov 2020 06:55:23 GMT","server":"ESF","cache-control":"private","x-xss-protection":"0","x-frame-options":"SAMEORIGIN","x-content-type-options":"nosniff","alt-svc":"h3-Q050=\":443\"; ma=2592000,h3-29=\":443\"; ma=2592000,h3-T051=\":443\"; ma=2592000,h3-T050=\":443\"; ma=2592000,h3-Q046=\":443\"; ma=2592000,h3-Q043=\":443\"; ma=2592000,quic=\":443\"; ma=2592000; v=\"46,43\"","accept-ranges":"none","transfer-encoding":"chunked"}
[debug] [2020-11-12T06:55:27.225Z] >>> HTTP REQUEST GET https://cloudfunctions.googleapis.com/v1/operations/ZGl2aW5nLWFwcC1lYWFiZS91cy1jZW50cmFsMS9hcHAvMW94UFMtVFRxU0U  
 
[debug] [2020-11-12T06:55:27.507Z] <<< HTTP RESPONSE 200 {"content-type":"application/json; charset=UTF-8","vary":"X-Origin, Referer, Origin,Accept-Encoding","date":"Thu, 12 Nov 2020 06:55:25 GMT","server":"ESF","cache-control":"private","x-xss-protection":"0","x-frame-options":"SAMEORIGIN","x-content-type-options":"nosniff","alt-svc":"h3-Q050=\":443\"; ma=2592000,h3-29=\":443\"; ma=2592000,h3-T051=\":443\"; ma=2592000,h3-T050=\":443\"; ma=2592000,h3-Q046=\":443\"; ma=2592000,h3-Q043=\":443\"; ma=2592000,quic=\":443\"; ma=2592000; v=\"46,43\"","accept-ranges":"none","transfer-encoding":"chunked"}
[debug] [2020-11-12T06:55:29.522Z] >>> HTTP REQUEST GET https://cloudfunctions.googleapis.com/v1/operations/ZGl2aW5nLWFwcC1lYWFiZS91cy1jZW50cmFsMS9hcHAvMW94UFMtVFRxU0U  
 
[debug] [2020-11-12T06:55:29.853Z] <<< HTTP RESPONSE 200 {"content-type":"application/json; charset=UTF-8","vary":"X-Origin, Referer, Origin,Accept-Encoding","date":"Thu, 12 Nov 2020 06:55:27 GMT","server":"ESF","cache-control":"private","x-xss-protection":"0","x-frame-options":"SAMEORIGIN","x-content-type-options":"nosniff","alt-svc":"h3-Q050=\":443\"; ma=2592000,h3-29=\":443\"; ma=2592000,h3-T051=\":443\"; ma=2592000,h3-T050=\":443\"; ma=2592000,h3-Q046=\":443\"; ma=2592000,h3-Q043=\":443\"; ma=2592000,quic=\":443\"; ma=2592000; v=\"46,43\"","accept-ranges":"none","transfer-encoding":"chunked"}
[debug] [2020-11-12T06:55:31.873Z] >>> HTTP REQUEST GET https://cloudfunctions.googleapis.com/v1/operations/ZGl2aW5nLWFwcC1lYWFiZS91cy1jZW50cmFsMS9hcHAvMW94UFMtVFRxU0U  
 
[debug] [2020-11-12T06:55:32.176Z] <<< HTTP RESPONSE 200 {"content-type":"application/json; charset=UTF-8","vary":"X-Origin, Referer, Origin,Accept-Encoding","date":"Thu, 12 Nov 2020 06:55:30 GMT","server":"ESF","cache-control":"private","x-xss-protection":"0","x-frame-options":"SAMEORIGIN","x-content-type-options":"nosniff","alt-svc":"h3-Q050=\":443\"; ma=2592000,h3-29=\":443\"; ma=2592000,h3-T051=\":443\"; ma=2592000,h3-T050=\":443\"; ma=2592000,h3-Q046=\":443\"; ma=2592000,h3-Q043=\":443\"; ma=2592000,quic=\":443\"; ma=2592000; v=\"46,43\"","accept-ranges":"none","transfer-encoding":"chunked"}
[debug] [2020-11-12T06:55:34.182Z] >>> HTTP REQUEST GET https://cloudfunctions.googleapis.com/v1/operations/ZGl2aW5nLWFwcC1lYWFiZS91cy1jZW50cmFsMS9hcHAvMW94UFMtVFRxU0U  
 
[debug] [2020-11-12T06:55:34.512Z] <<< HTTP RESPONSE 200 {"content-type":"application/json; charset=UTF-8","vary":"X-Origin, Referer, Origin,Accept-Encoding","date":"Thu, 12 Nov 2020 06:55:32 GMT","server":"ESF","cache-control":"private","x-xss-protection":"0","x-frame-options":"SAMEORIGIN","x-content-type-options":"nosniff","alt-svc":"h3-Q050=\":443\"; ma=2592000,h3-29=\":443\"; ma=2592000,h3-T051=\":443\"; ma=2592000,h3-T050=\":443\"; ma=2592000,h3-Q046=\":443\"; ma=2592000,h3-Q043=\":443\"; ma=2592000,quic=\":443\"; ma=2592000; v=\"46,43\"","accept-ranges":"none","transfer-encoding":"chunked"}
[debug] [2020-11-12T06:55:36.521Z] >>> HTTP REQUEST GET https://cloudfunctions.googleapis.com/v1/operations/ZGl2aW5nLWFwcC1lYWFiZS91cy1jZW50cmFsMS9hcHAvMW94UFMtVFRxU0U  
 
[debug] [2020-11-12T06:55:36.846Z] <<< HTTP RESPONSE 200 {"content-type":"application/json; charset=UTF-8","vary":"X-Origin, Referer, Origin,Accept-Encoding","date":"Thu, 12 Nov 2020 06:55:34 GMT","server":"ESF","cache-control":"private","x-xss-protection":"0","x-frame-options":"SAMEORIGIN","x-content-type-options":"nosniff","alt-svc":"h3-Q050=\":443\"; ma=2592000,h3-29=\":443\"; ma=2592000,h3-T051=\":443\"; ma=2592000,h3-T050=\":443\"; ma=2592000,h3-Q046=\":443\"; ma=2592000,h3-Q043=\":443\"; ma=2592000,quic=\":443\"; ma=2592000; v=\"46,43\"","accept-ranges":"none","transfer-encoding":"chunked"}
[debug] [2020-11-12T06:55:38.858Z] >>> HTTP REQUEST GET https://cloudfunctions.googleapis.com/v1/operations/ZGl2aW5nLWFwcC1lYWFiZS91cy1jZW50cmFsMS9hcHAvMW94UFMtVFRxU0U  
 
[debug] [2020-11-12T06:55:39.061Z] <<< HTTP RESPONSE 200 {"content-type":"application/json; charset=UTF-8","vary":"X-Origin, Referer, Origin,Accept-Encoding","date":"Thu, 12 Nov 2020 06:55:37 GMT","server":"ESF","cache-control":"private","x-xss-protection":"0","x-frame-options":"SAMEORIGIN","x-content-type-options":"nosniff","alt-svc":"h3-Q050=\":443\"; ma=2592000,h3-29=\":443\"; ma=2592000,h3-T051=\":443\"; ma=2592000,h3-T050=\":443\"; ma=2592000,h3-Q046=\":443\"; ma=2592000,h3-Q043=\":443\"; ma=2592000,quic=\":443\"; ma=2592000; v=\"46,43\"","accept-ranges":"none","transfer-encoding":"chunked"}
[debug] [2020-11-12T06:55:41.073Z] >>> HTTP REQUEST GET https://cloudfunctions.googleapis.com/v1/operations/ZGl2aW5nLWFwcC1lYWFiZS91cy1jZW50cmFsMS9hcHAvMW94UFMtVFRxU0U  
 
[debug] [2020-11-12T06:55:41.398Z] <<< HTTP RESPONSE 200 {"content-type":"application/json; charset=UTF-8","vary":"X-Origin, Referer, Origin,Accept-Encoding","date":"Thu, 12 Nov 2020 06:55:39 GMT","server":"ESF","cache-control":"private","x-xss-protection":"0","x-frame-options":"SAMEORIGIN","x-content-type-options":"nosniff","alt-svc":"h3-Q050=\":443\"; ma=2592000,h3-29=\":443\"; ma=2592000,h3-T051=\":443\"; ma=2592000,h3-T050=\":443\"; ma=2592000,h3-Q046=\":443\"; ma=2592000,h3-Q043=\":443\"; ma=2592000,quic=\":443\"; ma=2592000; v=\"46,43\"","accept-ranges":"none","transfer-encoding":"chunked"}
[debug] [2020-11-12T06:55:43.424Z] >>> HTTP REQUEST GET https://cloudfunctions.googleapis.com/v1/operations/ZGl2aW5nLWFwcC1lYWFiZS91cy1jZW50cmFsMS9hcHAvMW94UFMtVFRxU0U  
 
[debug] [2020-11-12T06:55:43.732Z] <<< HTTP RESPONSE 200 {"content-type":"application/json; charset=UTF-8","vary":"X-Origin, Referer, Origin,Accept-Encoding","date":"Thu, 12 Nov 2020 06:55:41 GMT","server":"ESF","cache-control":"private","x-xss-protection":"0","x-frame-options":"SAMEORIGIN","x-content-type-options":"nosniff","alt-svc":"h3-Q050=\":443\"; ma=2592000,h3-29=\":443\"; ma=2592000,h3-T051=\":443\"; ma=2592000,h3-T050=\":443\"; ma=2592000,h3-Q046=\":443\"; ma=2592000,h3-Q043=\":443\"; ma=2592000,quic=\":443\"; ma=2592000; v=\"46,43\"","accept-ranges":"none","transfer-encoding":"chunked"}
[debug] [2020-11-12T06:55:45.744Z] >>> HTTP REQUEST GET https://cloudfunctions.googleapis.com/v1/operations/ZGl2aW5nLWFwcC1lYWFiZS91cy1jZW50cmFsMS9hcHAvMW94UFMtVFRxU0U  
 
[debug] [2020-11-12T06:55:45.941Z] <<< HTTP RESPONSE 200 {"content-type":"application/json; charset=UTF-8","vary":"X-Origin, Referer, Origin,Accept-Encoding","date":"Thu, 12 Nov 2020 06:55:44 GMT","server":"ESF","cache-control":"private","x-xss-protection":"0","x-frame-options":"SAMEORIGIN","x-content-type-options":"nosniff","alt-svc":"h3-Q050=\":443\"; ma=2592000,h3-29=\":443\"; ma=2592000,h3-T051=\":443\"; ma=2592000,h3-T050=\":443\"; ma=2592000,h3-Q046=\":443\"; ma=2592000,h3-Q043=\":443\"; ma=2592000,quic=\":443\"; ma=2592000; v=\"46,43\"","accept-ranges":"none","transfer-encoding":"chunked"}
[debug] [2020-11-12T06:55:47.944Z] >>> HTTP REQUEST GET https://cloudfunctions.googleapis.com/v1/operations/ZGl2aW5nLWFwcC1lYWFiZS91cy1jZW50cmFsMS9hcHAvMW94UFMtVFRxU0U  
 
[debug] [2020-11-12T06:55:48.143Z] <<< HTTP RESPONSE 200 {"content-type":"application/json; charset=UTF-8","vary":"X-Origin, Referer, Origin,Accept-Encoding","date":"Thu, 12 Nov 2020 06:55:46 GMT","server":"ESF","cache-control":"private","x-xss-protection":"0","x-frame-options":"SAMEORIGIN","x-content-type-options":"nosniff","alt-svc":"h3-Q050=\":443\"; ma=2592000,h3-29=\":443\"; ma=2592000,h3-T051=\":443\"; ma=2592000,h3-Q046=\":443\"; ma=2592000,h3-Q043=\":443\"; ma=2592000,quic=\":443\"; ma=2592000; v=\"46,43\"","accept-ranges":"none","transfer-encoding":"chunked"}
[debug] [2020-11-12T06:55:50.151Z] >>> HTTP REQUEST GET https://cloudfunctions.googleapis.com/v1/operations/ZGl2aW5nLWFwcC1lYWFiZS91cy1jZW50cmFsMS9hcHAvMW94UFMtVFRxU0U  
 
[debug] [2020-11-12T06:55:50.356Z] <<< HTTP RESPONSE 200 {"content-type":"application/json; charset=UTF-8","vary":"X-Origin, Referer, Origin,Accept-Encoding","date":"Thu, 12 Nov 2020 06:55:48 GMT","server":"ESF","cache-control":"private","x-xss-protection":"0","x-frame-options":"SAMEORIGIN","x-content-type-options":"nosniff","alt-svc":"h3-Q050=\":443\"; ma=2592000,h3-29=\":443\"; ma=2592000,h3-T051=\":443\"; ma=2592000,h3-Q046=\":443\"; ma=2592000,h3-Q043=\":443\"; ma=2592000,quic=\":443\"; ma=2592000; v=\"46,43\"","accept-ranges":"none","transfer-encoding":"chunked"}
[debug] [2020-11-12T06:55:52.360Z] >>> HTTP REQUEST GET https://cloudfunctions.googleapis.com/v1/operations/ZGl2aW5nLWFwcC1lYWFiZS91cy1jZW50cmFsMS9hcHAvMW94UFMtVFRxU0U  
 
[debug] [2020-11-12T06:55:52.578Z] <<< HTTP RESPONSE 200 {"content-type":"application/json; charset=UTF-8","vary":"X-Origin, Referer, Origin,Accept-Encoding","date":"Thu, 12 Nov 2020 06:55:50 GMT","server":"ESF","cache-control":"private","x-xss-protection":"0","x-frame-options":"SAMEORIGIN","x-content-type-options":"nosniff","alt-svc":"h3-Q050=\":443\"; ma=2592000,h3-29=\":443\"; ma=2592000,h3-T051=\":443\"; ma=2592000,h3-T050=\":443\"; ma=2592000,h3-Q046=\":443\"; ma=2592000,h3-Q043=\":443\"; ma=2592000,quic=\":443\"; ma=2592000; v=\"46,43\"","accept-ranges":"none","transfer-encoding":"chunked"}
[debug] [2020-11-12T06:55:54.585Z] >>> HTTP REQUEST GET https://cloudfunctions.googleapis.com/v1/operations/ZGl2aW5nLWFwcC1lYWFiZS91cy1jZW50cmFsMS9hcHAvMW94UFMtVFRxU0U  
 
[debug] [2020-11-12T06:55:54.789Z] <<< HTTP RESPONSE 200 {"content-type":"application/json; charset=UTF-8","vary":"X-Origin, Referer, Origin,Accept-Encoding","date":"Thu, 12 Nov 2020 06:55:53 GMT","server":"ESF","cache-control":"private","x-xss-protection":"0","x-frame-options":"SAMEORIGIN","x-content-type-options":"nosniff","alt-svc":"h3-Q050=\":443\"; ma=2592000,h3-29=\":443\"; ma=2592000,h3-T051=\":443\"; ma=2592000,h3-T050=\":443\"; ma=2592000,h3-Q046=\":443\"; ma=2592000,h3-Q043=\":443\"; ma=2592000,quic=\":443\"; ma=2592000; v=\"46,43\"","accept-ranges":"none","transfer-encoding":"chunked"}
[debug] [2020-11-12T06:55:56.803Z] >>> HTTP REQUEST GET https://cloudfunctions.googleapis.com/v1/operations/ZGl2aW5nLWFwcC1lYWFiZS91cy1jZW50cmFsMS9hcHAvMW94UFMtVFRxU0U  
 
[debug] [2020-11-12T06:55:57.126Z] <<< HTTP RESPONSE 200 {"content-type":"application/json; charset=UTF-8","vary":"X-Origin, Referer, Origin,Accept-Encoding","date":"Thu, 12 Nov 2020 06:55:55 GMT","server":"ESF","cache-control":"private","x-xss-protection":"0","x-frame-options":"SAMEORIGIN","x-content-type-options":"nosniff","alt-svc":"h3-Q050=\":443\"; ma=2592000,h3-29=\":443\"; ma=2592000,h3-T051=\":443\"; ma=2592000,h3-Q046=\":443\"; ma=2592000,h3-Q043=\":443\"; ma=2592000,quic=\":443\"; ma=2592000; v=\"46,43\"","accept-ranges":"none","transfer-encoding":"chunked"}
[debug] [2020-11-12T06:55:59.135Z] >>> HTTP REQUEST GET https://cloudfunctions.googleapis.com/v1/operations/ZGl2aW5nLWFwcC1lYWFiZS91cy1jZW50cmFsMS9hcHAvMW94UFMtVFRxU0U  
 
[debug] [2020-11-12T06:55:59.465Z] <<< HTTP RESPONSE 200 {"content-type":"application/json; charset=UTF-8","vary":"X-Origin, Referer, Origin,Accept-Encoding","date":"Thu, 12 Nov 2020 06:55:57 GMT","server":"ESF","cache-control":"private","x-xss-protection":"0","x-frame-options":"SAMEORIGIN","x-content-type-options":"nosniff","alt-svc":"h3-Q050=\":443\"; ma=2592000,h3-29=\":443\"; ma=2592000,h3-T051=\":443\"; ma=2592000,h3-T050=\":443\"; ma=2592000,h3-Q046=\":443\"; ma=2592000,h3-Q043=\":443\"; ma=2592000,quic=\":443\"; ma=2592000; v=\"46,43\"","accept-ranges":"none","transfer-encoding":"chunked"}
[debug] [2020-11-12T06:56:01.472Z] >>> HTTP REQUEST GET https://cloudfunctions.googleapis.com/v1/operations/ZGl2aW5nLWFwcC1lYWFiZS91cy1jZW50cmFsMS9hcHAvMW94UFMtVFRxU0U  
 
[debug] [2020-11-12T06:56:01.797Z] <<< HTTP RESPONSE 200 {"content-type":"application/json; charset=UTF-8","vary":"X-Origin, Referer, Origin,Accept-Encoding","date":"Thu, 12 Nov 2020 06:55:59 GMT","server":"ESF","cache-control":"private","x-xss-protection":"0","x-frame-options":"SAMEORIGIN","x-content-type-options":"nosniff","alt-svc":"h3-Q050=\":443\"; ma=2592000,h3-29=\":443\"; ma=2592000,h3-T051=\":443\"; ma=2592000,h3-T050=\":443\"; ma=2592000,h3-Q046=\":443\"; ma=2592000,h3-Q043=\":443\"; ma=2592000,quic=\":443\"; ma=2592000; v=\"46,43\"","accept-ranges":"none","transfer-encoding":"chunked"}
[debug] [2020-11-12T06:56:03.805Z] >>> HTTP REQUEST GET https://cloudfunctions.googleapis.com/v1/operations/ZGl2aW5nLWFwcC1lYWFiZS91cy1jZW50cmFsMS9hcHAvMW94UFMtVFRxU0U  
 
[debug] [2020-11-12T06:56:04.129Z] <<< HTTP RESPONSE 200 {"content-type":"application/json; charset=UTF-8","vary":"X-Origin, Referer, Origin,Accept-Encoding","date":"Thu, 12 Nov 2020 06:56:02 GMT","server":"ESF","cache-control":"private","x-xss-protection":"0","x-frame-options":"SAMEORIGIN","x-content-type-options":"nosniff","alt-svc":"h3-Q050=\":443\"; ma=2592000,h3-29=\":443\"; ma=2592000,h3-T051=\":443\"; ma=2592000,h3-T050=\":443\"; ma=2592000,h3-Q046=\":443\"; ma=2592000,h3-Q043=\":443\"; ma=2592000,quic=\":443\"; ma=2592000; v=\"46,43\"","accept-ranges":"none","transfer-encoding":"chunked"}
[debug] [2020-11-12T06:56:06.142Z] >>> HTTP REQUEST GET https://cloudfunctions.googleapis.com/v1/operations/ZGl2aW5nLWFwcC1lYWFiZS91cy1jZW50cmFsMS9hcHAvMW94UFMtVFRxU0U  
 
[debug] [2020-11-12T06:56:06.449Z] <<< HTTP RESPONSE 200 {"content-type":"application/json; charset=UTF-8","vary":"X-Origin, Referer, Origin,Accept-Encoding","date":"Thu, 12 Nov 2020 06:56:04 GMT","server":"ESF","cache-control":"private","x-xss-protection":"0","x-frame-options":"SAMEORIGIN","x-content-type-options":"nosniff","alt-svc":"h3-Q050=\":443\"; ma=2592000,h3-29=\":443\"; ma=2592000,h3-T051=\":443\"; ma=2592000,h3-T050=\":443\"; ma=2592000,h3-Q046=\":443\"; ma=2592000,h3-Q043=\":443\"; ma=2592000,quic=\":443\"; ma=2592000; v=\"46,43\"","accept-ranges":"none","transfer-encoding":"chunked"}
[debug] [2020-11-12T06:56:08.456Z] >>> HTTP REQUEST GET https://cloudfunctions.googleapis.com/v1/operations/ZGl2aW5nLWFwcC1lYWFiZS91cy1jZW50cmFsMS9hcHAvMW94UFMtVFRxU0U  
 
[debug] [2020-11-12T06:56:08.661Z] <<< HTTP RESPONSE 200 {"content-type":"application/json; charset=UTF-8","vary":"X-Origin, Referer, Origin,Accept-Encoding","date":"Thu, 12 Nov 2020 06:56:06 GMT","server":"ESF","cache-control":"private","x-xss-protection":"0","x-frame-options":"SAMEORIGIN","x-content-type-options":"nosniff","alt-svc":"h3-Q050=\":443\"; ma=2592000,h3-29=\":443\"; ma=2592000,h3-T051=\":443\"; ma=2592000,h3-T050=\":443\"; ma=2592000,h3-Q046=\":443\"; ma=2592000,h3-Q043=\":443\"; ma=2592000,quic=\":443\"; ma=2592000; v=\"46,43\"","accept-ranges":"none","transfer-encoding":"chunked"}
[debug] [2020-11-12T06:56:10.671Z] >>> HTTP REQUEST GET https://cloudfunctions.googleapis.com/v1/operations/ZGl2aW5nLWFwcC1lYWFiZS91cy1jZW50cmFsMS9hcHAvMW94UFMtVFRxU0U  
 
[debug] [2020-11-12T06:56:10.893Z] <<< HTTP RESPONSE 200 {"content-type":"application/json; charset=UTF-8","vary":"X-Origin, Referer, Origin,Accept-Encoding","date":"Thu, 12 Nov 2020 06:56:09 GMT","server":"ESF","cache-control":"private","x-xss-protection":"0","x-frame-options":"SAMEORIGIN","x-content-type-options":"nosniff","alt-svc":"h3-Q050=\":443\"; ma=2592000,h3-29=\":443\"; ma=2592000,h3-T051=\":443\"; ma=2592000,h3-T050=\":443\"; ma=2592000,h3-Q046=\":443\"; ma=2592000,h3-Q043=\":443\"; ma=2592000,quic=\":443\"; ma=2592000; v=\"46,43\"","accept-ranges":"none","transfer-encoding":"chunked"}
[debug] [2020-11-12T06:56:12.904Z] >>> HTTP REQUEST GET https://cloudfunctions.googleapis.com/v1/operations/ZGl2aW5nLWFwcC1lYWFiZS91cy1jZW50cmFsMS9hcHAvMW94UFMtVFRxU0U  
 
[debug] [2020-11-12T06:56:13.232Z] <<< HTTP RESPONSE 200 {"content-type":"application/json; charset=UTF-8","vary":"X-Origin, Referer, Origin,Accept-Encoding","date":"Thu, 12 Nov 2020 06:56:11 GMT","server":"ESF","cache-control":"private","x-xss-protection":"0","x-frame-options":"SAMEORIGIN","x-content-type-options":"nosniff","alt-svc":"h3-Q050=\":443\"; ma=2592000,h3-29=\":443\"; ma=2592000,h3-T051=\":443\"; ma=2592000,h3-T050=\":443\"; ma=2592000,h3-Q046=\":443\"; ma=2592000,h3-Q043=\":443\"; ma=2592000,quic=\":443\"; ma=2592000; v=\"46,43\"","accept-ranges":"none","transfer-encoding":"chunked"}
[warn] !  functions[app(us-central1)]: Deployment error. 
[info] Function failed on loading user code. Error message: Error: please examine your function logs to see the error cause: https://cloud.google.com/functions/docs/monitoring/logging#viewing_logs. Additional troubleshooting documentation can be found at https://cloud.google.com/functions/docs/troubleshooting#logging
[info] 

Functions deploy had errors with the following functions:
[info] 	app
[info] 

To try redeploying those functions, run:
[info]     firebase deploy --only "functions:app"
[info] 

To continue deploying other features (such as database), run:
[info]     firebase deploy --except functions
[error] 
[error] Error: Functions did not deploy properly.
